0 info it worked if it ends with ok
1 verbose cli [ '/usr/local/bin/node', '/usr/local/bin/npm', 'publish' ]
2 info using npm@3.8.6
3 info using node@v6.0.0
4 verbose publish [ '.' ]
5 silly cache add args [ '.', null ]
6 verbose cache add spec .
7 silly cache add parsed spec Result {
7 silly cache add   raw: '.',
7 silly cache add   scope: null,
7 silly cache add   name: null,
7 silly cache add   rawSpec: '.',
7 silly cache add   spec: '/home/himanshu/Desktop/POC/finalYeoman/wcmodules/generator-wcmodules',
7 silly cache add   type: 'directory' }
8 verbose addLocalDirectory /home/himanshu/.npm/generator-wcmodules/0.5.0/package.tgz not in flight; packing
9 verbose correctMkdir /home/himanshu/.npm correctMkdir not in flight; initializing
10 info lifecycle generator-wcmodules@0.5.0~prepublish: generator-wcmodules@0.5.0
11 verbose lifecycle generator-wcmodules@0.5.0~prepublish: unsafe-perm in lifecycle true
12 verbose lifecycle generator-wcmodules@0.5.0~prepublish: PATH: /usr/local/lib/node_modules/npm/bin/node-gyp-bin:/home/himanshu/Desktop/POC/finalYeoman/wcmodules/generator-wcmodules/node_modules/.bin:/usr/local/bin:/home/himanshu/.sdkman/candidates/groovy/current/bin:/home/himanshu/.sdkman/candidates/grails/current/bin:/usr/local/sbin:/usr/local/bin:/usr/sbin:/usr/bin:/sbin:/bin:/usr/games:/usr/local/games:/opt/node/bin:/opt/mongodb-linux-x86_64-ubuntu1404-3.2.4/bin:/opt/grails-2.3.11/bin:/opt/apache-maven-2.2.1/bin
13 verbose lifecycle generator-wcmodules@0.5.0~prepublish: CWD: /home/himanshu/Desktop/POC/finalYeoman/wcmodules/generator-wcmodules
14 silly lifecycle generator-wcmodules@0.5.0~prepublish: Args: [ '-c', 'gulp prepublish' ]
15 silly lifecycle generator-wcmodules@0.5.0~prepublish: Returned: code: 0  signal: null
16 verbose tar pack [ '/home/himanshu/.npm/generator-wcmodules/0.5.0/package.tgz',
16 verbose tar pack   '/home/himanshu/Desktop/POC/finalYeoman/wcmodules/generator-wcmodules' ]
17 verbose tarball /home/himanshu/.npm/generator-wcmodules/0.5.0/package.tgz
18 verbose folder /home/himanshu/Desktop/POC/finalYeoman/wcmodules/generator-wcmodules
19 verbose addLocalTarball adding from inside cache /home/himanshu/.npm/generator-wcmodules/0.5.0/package.tgz
20 verbose correctMkdir /home/himanshu/.npm correctMkdir not in flight; initializing
21 silly cache afterAdd generator-wcmodules@0.5.0
22 verbose afterAdd /home/himanshu/.npm/generator-wcmodules/0.5.0/package/package.json not in flight; writing
23 verbose correctMkdir /home/himanshu/.npm correctMkdir not in flight; initializing
24 verbose afterAdd /home/himanshu/.npm/generator-wcmodules/0.5.0/package/package.json written
25 silly publish { name: 'generator-wcmodules',
25 silly publish   version: '0.5.0',
25 silly publish   description: 'Yeoman generator for creating standalone angular js modules',
25 silly publish   homepage: 'https://github.com/ttn-himanshu/generator-wcmodules',
25 silly publish   author:
25 silly publish    { name: 'himanshu adhikari',
25 silly publish      email: 'himanshu.adhikari@tothenew.com',
25 silly publish      url: 'https://github.com/ttn-himanshu/generator-wcmodules' },
25 silly publish   files: [ 'generators' ],
25 silly publish   main: 'generators/index.js',
25 silly publish   keywords: [ 'angular-modules', 'standalone modules', 'yeoman-generator' ],
25 silly publish   dependencies:
25 silly publish    { 'yeoman-generator': '^1.0.0',
25 silly publish      chalk: '^1.1.3',
25 silly publish      yosay: '^1.2.1' },
25 silly publish   devDependencies:
25 silly publish    { 'yeoman-test': '^1.6.0',
25 silly publish      'yeoman-assert': '^2.2.1',
25 silly publish      eslint: '^3.1.1',
25 silly publish      'eslint-config-xo-space': '^0.15.0',
25 silly publish      gulp: '^3.9.0',
25 silly publish      'gulp-eslint': '^3.0.1',
25 silly publish      'gulp-exclude-gitignore': '^1.0.0',
25 silly publish      'gulp-line-ending-corrector': '^1.0.1',
25 silly publish      'gulp-istanbul': '^1.0.0',
25 silly publish      'gulp-mocha': '^3.0.1',
25 silly publish      'gulp-plumber': '^1.0.0',
25 silly publish      'gulp-nsp': '^2.1.0' },
25 silly publish   eslintConfig: { extends: 'xo-space', env: { mocha: true } },
25 silly publish   repository:
25 silly publish    { type: 'git',
25 silly publish      url: 'git+https://github.com/ttn-himanshu/generator-wcmodules.git' },
25 silly publish   scripts: { prepublish: 'gulp prepublish', test: 'gulp' },
25 silly publish   license: 'MIT',
25 silly publish   readme: '# generator-wcmodules [![NPM version][npm-image]][npm-url] [![Build Status][travis-image]][travis-url] [![Dependency Status][daviddm-image]][daviddm-url]\n> Yeoman generator for creating standalone angular js modules\n\n## Installation\n\nFirst, install [Yeoman](http://yeoman.io) and generator-wcmodules using [npm](https://www.npmjs.com/) (we assume you have pre-installed [node.js](https://nodejs.org/)).\n\n```bash\nnpm install -g yo\nnpm install -g generator-wcmodules\n```\n\nThen generate your new project:\n\n```bash\nyo wcmodules\n```\n\n## Getting To Know Yeoman\n\n * Yeoman has a heart of gold.\n * Yeoman is a person with feelings and opinions, but is very easy to work with.\n * Yeoman can be too opinionated at times but is easily convinced not to be.\n * Feel free to [learn more about Yeoman](http://yeoman.io/).\n\n## License\n\nMIT © [himanshu adhikari](https://github.com/ttn-himanshu)\n\n\n[npm-image]: https://badge.fury.io/js/generator-wcmodules.svg\n[npm-url]: https://npmjs.org/package/generator-wcmodules\n[travis-image]: https://travis-ci.org/ttn-himanshu/generator-wcmodules.svg?branch=master\n[travis-url]: https://travis-ci.org/ttn-himanshu/generator-wcmodules\n[daviddm-image]: https://david-dm.org/ttn-himanshu/generator-wcmodules.svg?theme=shields.io\n[daviddm-url]: https://david-dm.org/ttn-himanshu/generator-wcmodules\n',
25 silly publish   readmeFilename: 'readme.md',
25 silly publish   gitHead: '9b936d2993fc4f59cb514e7cbe8d652bec983491',
25 silly publish   bugs: { url: 'https://github.com/ttn-himanshu/generator-wcmodules/issues' },
25 silly publish   _id: 'generator-wcmodules@0.5.0',
25 silly publish   _shasum: '78b0100347073802857a6df20a5629978b03df03',
25 silly publish   _from: '.' }
26 verbose getPublishConfig undefined
27 silly mapToRegistry name generator-wcmodules
28 silly mapToRegistry using default registry
29 silly mapToRegistry registry https://registry.npmjs.org/
30 silly mapToRegistry data Result {
30 silly mapToRegistry   raw: 'generator-wcmodules',
30 silly mapToRegistry   scope: null,
30 silly mapToRegistry   name: 'generator-wcmodules',
30 silly mapToRegistry   rawSpec: '',
30 silly mapToRegistry   spec: 'latest',
30 silly mapToRegistry   type: 'tag' }
31 silly mapToRegistry uri https://registry.npmjs.org/generator-wcmodules
32 verbose publish registryBase https://registry.npmjs.org/
33 silly publish uploading /home/himanshu/.npm/generator-wcmodules/0.5.0/package.tgz
34 verbose request uri https://registry.npmjs.org/generator-wcmodules
35 verbose request sending authorization for write operation
36 info attempt registry request try #1 at 7:00:16 PM
37 verbose request using bearer token for auth
38 verbose request id daae09bd025e9318
39 http request PUT https://registry.npmjs.org/generator-wcmodules
40 http 403 https://registry.npmjs.org/generator-wcmodules
41 verbose headers { 'content-type': 'application/json',
41 verbose headers   'cache-control': 'max-age=300',
41 verbose headers   'content-length': '95',
41 verbose headers   'accept-ranges': 'bytes',
41 verbose headers   date: 'Thu, 23 Feb 2017 13:30:18 GMT',
41 verbose headers   via: '1.1 varnish',
41 verbose headers   connection: 'keep-alive',
41 verbose headers   'x-served-by': 'cache-ams4445-AMS',
41 verbose headers   'x-cache': 'MISS',
41 verbose headers   'x-cache-hits': '0',
41 verbose headers   'x-timer': 'S1487856617.987252,VS0,VE1003',
41 verbose headers   vary: 'Accept-Encoding' }
42 verbose request invalidating /home/himanshu/.npm/registry.npmjs.org/generator-wcmodules on PUT
43 error publish Failed PUT 403
44 verbose stack Error: "You cannot publish over the previously published version 0.5.0." : generator-wcmodules
44 verbose stack     at makeError (/usr/local/lib/node_modules/npm/node_modules/npm-registry-client/lib/request.js:264:12)
44 verbose stack     at CachingRegistryClient.<anonymous> (/usr/local/lib/node_modules/npm/node_modules/npm-registry-client/lib/request.js:252:14)
44 verbose stack     at Request._callback (/usr/local/lib/node_modules/npm/node_modules/npm-registry-client/lib/request.js:172:14)
44 verbose stack     at Request.self.callback (/usr/local/lib/node_modules/npm/node_modules/request/request.js:199:22)
44 verbose stack     at emitTwo (events.js:106:13)
44 verbose stack     at Request.emit (events.js:191:7)
44 verbose stack     at Request.<anonymous> (/usr/local/lib/node_modules/npm/node_modules/request/request.js:1036:10)
44 verbose stack     at emitOne (events.js:101:20)
44 verbose stack     at Request.emit (events.js:188:7)
44 verbose stack     at IncomingMessage.<anonymous> (/usr/local/lib/node_modules/npm/node_modules/request/request.js:963:12)
45 verbose statusCode 403
46 verbose pkgid generator-wcmodules
47 verbose cwd /home/himanshu/Desktop/POC/finalYeoman/wcmodules/generator-wcmodules
48 error Linux 4.4.0-62-generic
49 error argv "/usr/local/bin/node" "/usr/local/bin/npm" "publish"
50 error node v6.0.0
51 error npm  v3.8.6
52 error code E403
53 error "You cannot publish over the previously published version 0.5.0." : generator-wcmodules
54 error If you need help, you may report this error at:
54 error     <https://github.com/npm/npm/issues>
55 verbose exit [ 1, true ]
